<?xml version="1.0" encoding="UTF-8"?>
<testsuite xmlns:xsi="http://www.w3.org/2001/XMLSchema-instance" xsi:noNamespaceSchemaLocation="https://maven.apache.org/surefire/maven-surefire-plugin/xsd/surefire-test-report-3.0.xsd" version="3.0" name="com.monkcommerce.couponmanagement.CouponmanagementApplicationTests" time="1.929" tests="1" errors="0" skipped="0" failures="0">
  <properties>
[...]
</properties>
  <testcase name="contextLoads" classname="com.monkcommerce.couponmanagement.CouponmanagementApplicationTests" time="0.236">
    <system-out><![CDATA[16:29:17.990 [main] INFO org.springframework.test.context.support.AnnotationConfigContextLoaderUtils -- Could not detect default configuration classes for test class [com.monkcommerce.couponmanagement.CouponmanagementApplicationTests]: CouponmanagementApplicationTests does not declare any static, non-private, non-final, nested classes annotated with @Configuration.
16:29:18.025 [main] INFO org.springframework.boot.test.context.SpringBootTestContextBootstrapper -- Found @SpringBootConfiguration com.monkcommerce.couponmanagement.CouponmanagementApplication for test class com.monkcommerce.couponmanagement.CouponmanagementApplicationTests
16:29:18.072 [main] INFO org.springframework.boot.devtools.restart.RestartApplicationListener -- Restart disabled due to context in which it is running
2024-09-29T16:29:18.196+05:30  INFO 69236 --- [coupon-management-service] [           main] c.m.c.CouponmanagementApplicationTests   : Starting CouponmanagementApplicationTests using Java 17.0.11 with PID 69236 (started by zaggle in /Users/zaggle/Desktop/couponmanagement)
2024-09-29T16:29:18.197+05:30  INFO 69236 --- [coupon-management-service] [           main] c.m.c.CouponmanagementApplicationTests   : The following 1 profile is active: "dev"
2024-09-29T16:29:18.430+05:30  INFO 69236 --- [coupon-management-service] [           main] .s.d.r.c.RepositoryConfigurationDelegate : Bootstrapping Spring Data JPA repositories in DEFAULT mode.
2024-09-29T16:29:18.454+05:30  INFO 69236 --- [coupon-management-service] [           main] .s.d.r.c.RepositoryConfigurationDelegate : Finished Spring Data repository scanning in 21 ms. Found 6 JPA repository interfaces.
2024-09-29T16:29:18.611+05:30  INFO 69236 --- [coupon-management-service] [           main] com.zaxxer.hikari.HikariDataSource       : HikariPool-1 - Starting...
2024-09-29T16:29:18.698+05:30  INFO 69236 --- [coupon-management-service] [           main] com.zaxxer.hikari.pool.HikariPool        : HikariPool-1 - Added connection org.postgresql.jdbc.PgConnection@3fde8f7c
2024-09-29T16:29:18.699+05:30  INFO 69236 --- [coupon-management-service] [           main] com.zaxxer.hikari.HikariDataSource       : HikariPool-1 - Start completed.
2024-09-29T16:29:18.714+05:30  INFO 69236 --- [coupon-management-service] [           main] o.hibernate.jpa.internal.util.LogHelper  : HHH000204: Processing PersistenceUnitInfo [name: default]
2024-09-29T16:29:18.732+05:30  INFO 69236 --- [coupon-management-service] [           main] org.hibernate.Version                    : HHH000412: Hibernate ORM core version 6.5.3.Final
2024-09-29T16:29:18.742+05:30  INFO 69236 --- [coupon-management-service] [           main] o.h.c.internal.RegionFactoryInitiator    : HHH000026: Second-level cache disabled
2024-09-29T16:29:18.796+05:30  WARN 69236 --- [coupon-management-service] [           main] org.hibernate.orm.deprecation            : HHH90000025: PostgreSQLDialect does not need to be specified explicitly using 'hibernate.dialect' (remove the property setting and it will be selected by default)
2024-09-29T16:29:18.886+05:30  INFO 69236 --- [coupon-management-service] [           main] o.s.o.j.p.SpringPersistenceUnitInfo      : No LoadTimeWeaver setup: ignoring JPA class transformer
2024-09-29T16:29:19.212+05:30  INFO 69236 --- [coupon-management-service] [           main] o.h.e.t.j.p.i.JtaPlatformInitiator       : HHH000489: No JTA platform available (set 'hibernate.transaction.jta.platform' to enable JTA platform integration)
2024-09-29T16:29:19.291+05:30  INFO 69236 --- [coupon-management-service] [           main] j.LocalContainerEntityManagerFactoryBean : Initialized JPA EntityManagerFactory for persistence unit 'default'
2024-09-29T16:29:19.619+05:30  INFO 69236 --- [coupon-management-service] [           main] c.m.c.CouponmanagementApplicationTests   : Started CouponmanagementApplicationTests in 1.55 seconds (process running for 1.902)
]]></system-out>
  </testcase>
</testsuite>